2016-10-24 01:15:19 huxingning test log!
2016-10-24 01:22:45 huxingning test log!
2016-10-24 01:22:49 huxingning test log!
2016-10-24 01:23:18 huxingning test log!
2016-10-24 01:23:23 huxingning test log!
2016-10-24 01:23:42 huxingning test log!
2016-10-24 01:23:46 huxingning test log!
2016-10-24 01:28:39 huxingning test log! 
2016-10-24 01:28:39 huxingning test log! 
2016-10-24 01:28:39 huxingning test log! 
2016-10-24 01:28:39 huxingning test log! 
2016-10-24 01:28:39 huxingning test log! 
2016-10-24 01:28:39 huxingning test log! 
2016-10-24 01:28:39 huxingning test log! 
2016-10-24 01:28:39 huxingning test log! 
2016-10-24 01:28:39 huxingning test log! 
2016-10-24 01:28:39 huxingning test log! 
2016-10-24 01:29:04 huxingning test log! 
2016-10-24 01:29:04 huxingning test log! 
2016-10-24 01:29:04 huxingning test log! 
2016-10-24 01:29:04 huxingning test log! 
2016-10-24 01:29:04 huxingning test log! 
2016-10-24 01:29:04 huxingning test log! 
2016-10-24 01:29:04 huxingning test log! 
2016-10-24 01:29:04 huxingning test log! 
2016-10-24 01:29:04 huxingning test log! 
2016-10-24 01:29:04 huxingning test log! 
2016-10-24 23:54:59 huxingning test log! 
2016-10-24 23:54:59 huxingning test log! 
2016-10-24 23:54:59 huxingning test log! 
2016-10-24 23:54:59 huxingning test log! 
2016-10-24 23:54:59 huxingning test log! 
2016-10-24 23:54:59 huxingning test log! 
2016-10-24 23:54:59 huxingning test log! 
2016-10-24 23:54:59 huxingning test log! 
2016-10-24 23:54:59 huxingning test log! 
2016-10-24 23:54:59 huxingning test log! 
2016-10-25 00:44:55 输入的非法的Email
2016-10-25 00:45:50 输入的非法的Email
2016-10-25 00:47:10 输入的非法的Email
输入的非法的Email
2016-10-25 00:48:11 输入的非法的Email
2016-10-25 00:53:25 输入的Email合法
2016-10-25 00:54:00 输入的Email合法
h
2016-10-25 00:57:31 输入的非法的Email
2016-10-25 00:57:43 输入的非法的Email
2016-10-25 00:58:02 输入的Email合法
h
2016-10-25 00:58:29 输入的Email合法
hu
2016-10-25 00:59:54 输入的Email合法
2016-10-25 01:00:16 输入的Email合法
2016-10-25 01:00:53 输入的非法的Email
2016-10-25 01:01:31 输入的非法的Email
